<?xml version="1.0" encoding="UTF-8"?>
<testng-results ignored="0" total="1" passed="1" failed="0" skipped="0">
  <reporter-output>
  </reporter-output>
  <suite started-at="2023-03-14T17:57:47 CDT" name="Default suite" finished-at="2023-03-14T17:57:50 CDT" duration-ms="2753">
    <groups>
    </groups>
    <test started-at="2023-03-14T17:57:47 CDT" name="Default test" finished-at="2023-03-14T17:57:50 CDT" duration-ms="2753">
      <class name="Day1.HTTPRequests">
        <test-method signature="getUser()[pri:1, instance:Day1.HTTPRequests@1da2cb77]" started-at="2023-03-14T17:57:47 CDT" name="getUser" finished-at="2023-03-14T17:57:50 CDT" duration-ms="2704" status="PASS">
          <reporter-output>
          </reporter-output>
        </test-method> <!-- getUser -->
      </class> <!-- Day1.HTTPRequests -->
    </test> <!-- Default test -->
  </suite> <!-- Default suite -->
</testng-results>
